{"C:\\Users\\Iman\\Desktop\\cours diplome\\examen final\\site JO\\site-jo\\backend\\src\\server.js": {"path":"C:\\Users\\Iman\\Desktop\\cours diplome\\examen final\\site JO\\site-jo\\backend\\src\\server.js","statementMap":{"0":{"start":{"line":17,"column":0},"end":{"line":17,"column":16}},"1":{"start":{"line":18,"column":12},"end":{"line":18,"column":21}},"2":{"start":{"line":20,"column":0},"end":{"line":23,"column":4}},"3":{"start":{"line":26,"column":0},"end":{"line":26,"column":24}},"4":{"start":{"line":32,"column":0},"end":{"line":34,"column":3}},"5":{"start":{"line":33,"column":2},"end":{"line":33,"column":47}},"6":{"start":{"line":37,"column":0},"end":{"line":37,"column":18}},"7":{"start":{"line":38,"column":0},"end":{"line":38,"column":16}},"8":{"start":{"line":39,"column":0},"end":{"line":39,"column":24}},"9":{"start":{"line":40,"column":0},"end":{"line":40,"column":23}},"10":{"start":{"line":43,"column":0},"end":{"line":43,"column":33}},"11":{"start":{"line":44,"column":0},"end":{"line":44,"column":48}},"12":{"start":{"line":45,"column":0},"end":{"line":45,"column":36}},"13":{"start":{"line":46,"column":0},"end":{"line":46,"column":43}},"14":{"start":{"line":47,"column":0},"end":{"line":47,"column":41}},"15":{"start":{"line":48,"column":0},"end":{"line":48,"column":42}},"16":{"start":{"line":50,"column":0},"end":{"line":50,"column":39}},"17":{"start":{"line":51,"column":0},"end":{"line":51,"column":43}},"18":{"start":{"line":55,"column":0},"end":{"line":57,"column":3}},"19":{"start":{"line":56,"column":2},"end":{"line":56,"column":80}},"20":{"start":{"line":60,"column":13},"end":{"line":60,"column":37}},"21":{"start":{"line":61,"column":0},"end":{"line":61,"column":73}},"22":{"start":{"line":61,"column":23},"end":{"line":61,"column":71}}},"fnMap":{"0":{"name":"(anonymous_0)","decl":{"start":{"line":32,"column":20},"end":{"line":32,"column":21}},"loc":{"start":{"line":32,"column":34},"end":{"line":34,"column":1}},"line":32},"1":{"name":"(anonymous_1)","decl":{"start":{"line":55,"column":23},"end":{"line":55,"column":24}},"loc":{"start":{"line":55,"column":37},"end":{"line":57,"column":1}},"line":55},"2":{"name":"(anonymous_2)","decl":{"start":{"line":61,"column":17},"end":{"line":61,"column":18}},"loc":{"start":{"line":61,"column":23},"end":{"line":61,"column":71}},"line":61}},"branchMap":{"0":{"loc":{"start":{"line":60,"column":13},"end":{"line":60,"column":37}},"type":"binary-expr","locations":[{"start":{"line":60,"column":13},"end":{"line":60,"column":29}},{"start":{"line":60,"column":33},"end":{"line":60,"column":37}}],"line":60}},"s":{"0":4,"1":4,"2":4,"3":4,"4":4,"5":0,"6":4,"7":4,"8":4,"9":4,"10":4,"11":4,"12":4,"13":4,"14":4,"15":4,"16":4,"17":4,"18":4,"19":0,"20":4,"21":4,"22":4},"f":{"0":0,"1":0,"2":4},"b":{"0":[4,0]},"inputSourceMap":null,"_coverageSchema":"1a1c01bbd47fc00a2c39e90264f33305004495a9","hash":"bbad07b40f01118ad7b41204c882bfc327c7f0d8"}
,"C:\\Users\\Iman\\Desktop\\cours diplome\\examen final\\site JO\\site-jo\\backend\\src\\controllers\\admin.controller.js": {"path":"C:\\Users\\Iman\\Desktop\\cours diplome\\examen final\\site JO\\site-jo\\backend\\src\\controllers\\admin.controller.js","statementMap":{"0":{"start":{"line":2,"column":15},"end":{"line":2,"column":33}},"1":{"start":{"line":5,"column":28},"end":{"line":18,"column":1}},"2":{"start":{"line":6,"column":2},"end":{"line":17,"column":3}},"3":{"start":{"line":7,"column":25},"end":{"line":7,"column":60}},"4":{"start":{"line":8,"column":19},"end":{"line":8,"column":48}},"5":{"start":{"line":9,"column":22},"end":{"line":11,"column":6}},"6":{"start":{"line":13,"column":4},"end":{"line":13,"column":50}},"7":{"start":{"line":15,"column":4},"end":{"line":15,"column":23}},"8":{"start":{"line":16,"column":4},"end":{"line":16,"column":56}},"9":{"start":{"line":21,"column":26},"end":{"line":30,"column":1}},"10":{"start":{"line":22,"column":38},"end":{"line":22,"column":46}},"11":{"start":{"line":23,"column":2},"end":{"line":29,"column":3}},"12":{"start":{"line":24,"column":26},"end":{"line":24,"column":90}},"13":{"start":{"line":25,"column":4},"end":{"line":25,"column":28}},"14":{"start":{"line":27,"column":4},"end":{"line":27,"column":23}},"15":{"start":{"line":28,"column":4},"end":{"line":28,"column":66}},"16":{"start":{"line":32,"column":29},"end":{"line":45,"column":1}},"17":{"start":{"line":33,"column":17},"end":{"line":33,"column":27}},"18":{"start":{"line":34,"column":38},"end":{"line":34,"column":46}},"19":{"start":{"line":35,"column":2},"end":{"line":44,"column":3}},"20":{"start":{"line":36,"column":20},"end":{"line":39,"column":6}},"21":{"start":{"line":40,"column":4},"end":{"line":40,"column":22}},"22":{"start":{"line":42,"column":4},"end":{"line":42,"column":23}},"23":{"start":{"line":43,"column":4},"end":{"line":43,"column":69}},"24":{"start":{"line":47,"column":30},"end":{"line":56,"column":1}},"25":{"start":{"line":48,"column":17},"end":{"line":48,"column":27}},"26":{"start":{"line":49,"column":2},"end":{"line":55,"column":3}},"27":{"start":{"line":50,"column":4},"end":{"line":50,"column":63}},"28":{"start":{"line":51,"column":4},"end":{"line":51,"column":45}},"29":{"start":{"line":53,"column":4},"end":{"line":53,"column":23}},"30":{"start":{"line":54,"column":4},"end":{"line":54,"column":69}}},"fnMap":{"0":{"name":"(anonymous_0)","decl":{"start":{"line":5,"column":28},"end":{"line":5,"column":29}},"loc":{"start":{"line":5,"column":48},"end":{"line":18,"column":1}},"line":5},"1":{"name":"(anonymous_1)","decl":{"start":{"line":21,"column":26},"end":{"line":21,"column":27}},"loc":{"start":{"line":21,"column":46},"end":{"line":30,"column":1}},"line":21},"2":{"name":"(anonymous_2)","decl":{"start":{"line":32,"column":29},"end":{"line":32,"column":30}},"loc":{"start":{"line":32,"column":49},"end":{"line":45,"column":1}},"line":32},"3":{"name":"(anonymous_3)","decl":{"start":{"line":47,"column":30},"end":{"line":47,"column":31}},"loc":{"start":{"line":47,"column":50},"end":{"line":56,"column":1}},"line":47}},"branchMap":{},"s":{"0":5,"1":5,"2":1,"3":1,"4":1,"5":1,"6":1,"7":0,"8":0,"9":5,"10":2,"11":2,"12":2,"13":2,"14":0,"15":0,"16":5,"17":1,"18":1,"19":1,"20":1,"21":1,"22":0,"23":0,"24":5,"25":1,"26":1,"27":1,"28":1,"29":0,"30":0},"f":{"0":1,"1":2,"2":1,"3":1},"b":{},"inputSourceMap":null,"_coverageSchema":"1a1c01bbd47fc00a2c39e90264f33305004495a9","hash":"a7457f6821d6940a5551015008b5373bb4d93434"}
,"C:\\Users\\Iman\\Desktop\\cours diplome\\examen final\\site JO\\site-jo\\backend\\src\\controllers\\commande.controller.js": {"path":"C:\\Users\\Iman\\Desktop\\cours diplome\\examen final\\site JO\\site-jo\\backend\\src\\controllers\\commande.controller.js","statementMap":{"0":{"start":{"line":6,"column":15},"end":{"line":6,"column":33}},"1":{"start":{"line":8,"column":33},"end":{"line":84,"column":1}},"2":{"start":{"line":9,"column":50},"end":{"line":9,"column":58}},"3":{"start":{"line":11,"column":2},"end":{"line":83,"column":3}},"4":{"start":{"line":13,"column":21},"end":{"line":16,"column":6}},"5":{"start":{"line":18,"column":4},"end":{"line":18,"column":82}},"6":{"start":{"line":18,"column":19},"end":{"line":18,"column":82}},"7":{"start":{"line":21,"column":27},"end":{"line":21,"column":98}},"8":{"start":{"line":23,"column":4},"end":{"line":34,"column":5}},"9":{"start":{"line":24,"column":6},"end":{"line":24,"column":51}},"10":{"start":{"line":25,"column":6},"end":{"line":33,"column":9}},"11":{"start":{"line":37,"column":22},"end":{"line":39,"column":20}},"12":{"start":{"line":42,"column":22},"end":{"line":42,"column":52}},"13":{"start":{"line":45,"column":17},"end":{"line":45,"column":86}},"14":{"start":{"line":46,"column":4},"end":{"line":50,"column":5}},"15":{"start":{"line":47,"column":6},"end":{"line":49,"column":9}},"16":{"start":{"line":53,"column":4},"end":{"line":56,"column":7}},"17":{"start":{"line":59,"column":22},"end":{"line":66,"column":5}},"18":{"start":{"line":67,"column":4},"end":{"line":67,"column":87}},"19":{"start":{"line":69,"column":4},"end":{"line":78,"column":8}},"20":{"start":{"line":81,"column":4},"end":{"line":81,"column":23}},"21":{"start":{"line":82,"column":4},"end":{"line":82,"column":82}}},"fnMap":{"0":{"name":"(anonymous_0)","decl":{"start":{"line":8,"column":33},"end":{"line":8,"column":34}},"loc":{"start":{"line":8,"column":53},"end":{"line":84,"column":1}},"line":8}},"branchMap":{"0":{"loc":{"start":{"line":18,"column":4},"end":{"line":18,"column":82}},"type":"if","locations":[{"start":{"line":18,"column":4},"end":{"line":18,"column":82}},{"start":{},"end":{}}],"line":18},"1":{"loc":{"start":{"line":23,"column":4},"end":{"line":34,"column":5}},"type":"if","locations":[{"start":{"line":23,"column":4},"end":{"line":34,"column":5}},{"start":{},"end":{}}],"line":23},"2":{"loc":{"start":{"line":27,"column":26},"end":{"line":27,"column":67}},"type":"binary-expr","locations":[{"start":{"line":27,"column":26},"end":{"line":27,"column":42}},{"start":{"line":27,"column":46},"end":{"line":27,"column":67}}],"line":27},"3":{"loc":{"start":{"line":46,"column":4},"end":{"line":50,"column":5}},"type":"if","locations":[{"start":{"line":46,"column":4},"end":{"line":50,"column":5}},{"start":{},"end":{}}],"line":46}},"s":{"0":4,"1":4,"2":2,"3":2,"4":2,"5":2,"6":1,"7":1,"8":1,"9":0,"10":0,"11":1,"12":1,"13":1,"14":1,"15":0,"16":1,"17":1,"18":1,"19":1,"20":0,"21":0},"f":{"0":2},"b":{"0":[1,1],"1":[0,1],"2":[0,0],"3":[0,1]},"inputSourceMap":null,"_coverageSchema":"1a1c01bbd47fc00a2c39e90264f33305004495a9","hash":"a79f81bfa6c2d1fc6bb24bd3d1f595c24ebec626"}
,"C:\\Users\\Iman\\Desktop\\cours diplome\\examen final\\site JO\\site-jo\\backend\\src\\controllers\\connAdmin.controller.js": {"path":"C:\\Users\\Iman\\Desktop\\cours diplome\\examen final\\site JO\\site-jo\\backend\\src\\controllers\\connAdmin.controller.js","statementMap":{"0":{"start":{"line":5,"column":15},"end":{"line":5,"column":33}},"1":{"start":{"line":7,"column":30},"end":{"line":39,"column":1}},"2":{"start":{"line":8,"column":32},"end":{"line":8,"column":40}},"3":{"start":{"line":10,"column":2},"end":{"line":38,"column":3}},"4":{"start":{"line":11,"column":27},"end":{"line":11,"column":87}},"5":{"start":{"line":12,"column":4},"end":{"line":14,"column":5}},"6":{"start":{"line":13,"column":6},"end":{"line":13,"column":74}},"7":{"start":{"line":16,"column":26},"end":{"line":16,"column":85}},"8":{"start":{"line":17,"column":4},"end":{"line":19,"column":5}},"9":{"start":{"line":18,"column":6},"end":{"line":18,"column":71}},"10":{"start":{"line":21,"column":18},"end":{"line":25,"column":5}},"11":{"start":{"line":27,"column":4},"end":{"line":32,"column":7}},"12":{"start":{"line":36,"column":4},"end":{"line":36,"column":72}},"13":{"start":{"line":37,"column":4},"end":{"line":37,"column":75}}},"fnMap":{"0":{"name":"(anonymous_0)","decl":{"start":{"line":7,"column":30},"end":{"line":7,"column":31}},"loc":{"start":{"line":7,"column":50},"end":{"line":39,"column":1}},"line":7}},"branchMap":{"0":{"loc":{"start":{"line":12,"column":4},"end":{"line":14,"column":5}},"type":"if","locations":[{"start":{"line":12,"column":4},"end":{"line":14,"column":5}},{"start":{},"end":{}}],"line":12},"1":{"loc":{"start":{"line":17,"column":4},"end":{"line":19,"column":5}},"type":"if","locations":[{"start":{"line":17,"column":4},"end":{"line":19,"column":5}},{"start":{},"end":{}}],"line":17}},"s":{"0":4,"1":4,"2":2,"3":2,"4":2,"5":2,"6":0,"7":2,"8":2,"9":0,"10":2,"11":2,"12":0,"13":0},"f":{"0":2},"b":{"0":[0,2],"1":[0,2]},"inputSourceMap":null,"_coverageSchema":"1a1c01bbd47fc00a2c39e90264f33305004495a9","hash":"ad3108621b35e648cda162fd50546eae5910d16b"}
,"C:\\Users\\Iman\\Desktop\\cours diplome\\examen final\\site JO\\site-jo\\backend\\src\\controllers\\info.controller.js": {"path":"C:\\Users\\Iman\\Desktop\\cours diplome\\examen final\\site JO\\site-jo\\backend\\src\\controllers\\info.controller.js","statementMap":{"0":{"start":{"line":1,"column":27},"end":{"line":10,"column":1}},"1":{"start":{"line":2,"column":2},"end":{"line":9,"column":5}}},"fnMap":{"0":{"name":"(anonymous_0)","decl":{"start":{"line":1,"column":27},"end":{"line":1,"column":28}},"loc":{"start":{"line":1,"column":41},"end":{"line":10,"column":1}},"line":1}},"branchMap":{},"s":{"0":4,"1":0},"f":{"0":0},"b":{},"inputSourceMap":null,"_coverageSchema":"1a1c01bbd47fc00a2c39e90264f33305004495a9","hash":"2c52e03eb23059a6a0339568e327dfd7d7370f47"}
,"C:\\Users\\Iman\\Desktop\\cours diplome\\examen final\\site JO\\site-jo\\backend\\src\\controllers\\offre.controller.js": {"path":"C:\\Users\\Iman\\Desktop\\cours diplome\\examen final\\site JO\\site-jo\\backend\\src\\controllers\\offre.controller.js","statementMap":{"0":{"start":{"line":2,"column":15},"end":{"line":2,"column":33}},"1":{"start":{"line":4,"column":25},"end":{"line":11,"column":1}},"2":{"start":{"line":5,"column":2},"end":{"line":10,"column":3}},"3":{"start":{"line":6,"column":19},"end":{"line":6,"column":48}},"4":{"start":{"line":7,"column":4},"end":{"line":7,"column":21}},"5":{"start":{"line":9,"column":4},"end":{"line":9,"column":54}}},"fnMap":{"0":{"name":"(anonymous_0)","decl":{"start":{"line":4,"column":25},"end":{"line":4,"column":26}},"loc":{"start":{"line":4,"column":45},"end":{"line":11,"column":1}},"line":4}},"branchMap":{},"s":{"0":4,"1":4,"2":2,"3":2,"4":2,"5":0},"f":{"0":2},"b":{},"inputSourceMap":null,"_coverageSchema":"1a1c01bbd47fc00a2c39e90264f33305004495a9","hash":"02a17069fe1cdcff368f1c5971b52966583a194e"}
,"C:\\Users\\Iman\\Desktop\\cours diplome\\examen final\\site JO\\site-jo\\backend\\src\\controllers\\utilisateur.controller.js": {"path":"C:\\Users\\Iman\\Desktop\\cours diplome\\examen final\\site JO\\site-jo\\backend\\src\\controllers\\utilisateur.controller.js","statementMap":{"0":{"start":{"line":5,"column":15},"end":{"line":5,"column":33}},"1":{"start":{"line":8,"column":38},"end":{"line":39,"column":1}},"2":{"start":{"line":9,"column":45},"end":{"line":9,"column":53}},"3":{"start":{"line":11,"column":2},"end":{"line":15,"column":3}},"4":{"start":{"line":12,"column":4},"end":{"line":14,"column":74}},"5":{"start":{"line":17,"column":2},"end":{"line":38,"column":3}},"6":{"start":{"line":18,"column":21},"end":{"line":18,"column":78}},"7":{"start":{"line":19,"column":4},"end":{"line":19,"column":80}},"8":{"start":{"line":19,"column":18},"end":{"line":19,"column":80}},"9":{"start":{"line":21,"column":19},"end":{"line":21,"column":52}},"10":{"start":{"line":22,"column":24},"end":{"line":24,"column":6}},"11":{"start":{"line":26,"column":4},"end":{"line":34,"column":7}},"12":{"start":{"line":36,"column":4},"end":{"line":36,"column":23}},"13":{"start":{"line":37,"column":4},"end":{"line":37,"column":55}},"14":{"start":{"line":42,"column":36},"end":{"line":74,"column":1}},"15":{"start":{"line":43,"column":32},"end":{"line":43,"column":40}},"16":{"start":{"line":45,"column":2},"end":{"line":47,"column":3}},"17":{"start":{"line":46,"column":4},"end":{"line":46,"column":76}},"18":{"start":{"line":49,"column":2},"end":{"line":73,"column":3}},"19":{"start":{"line":50,"column":24},"end":{"line":50,"column":81}},"20":{"start":{"line":51,"column":4},"end":{"line":51,"column":88}},"21":{"start":{"line":51,"column":22},"end":{"line":51,"column":88}},"22":{"start":{"line":53,"column":18},"end":{"line":53,"column":74}},"23":{"start":{"line":54,"column":4},"end":{"line":54,"column":82}},"24":{"start":{"line":54,"column":16},"end":{"line":54,"column":82}},"25":{"start":{"line":56,"column":18},"end":{"line":66,"column":5}},"26":{"start":{"line":67,"column":4},"end":{"line":67,"column":22}},"27":{"start":{"line":71,"column":4},"end":{"line":71,"column":23}},"28":{"start":{"line":72,"column":4},"end":{"line":72,"column":55}}},"fnMap":{"0":{"name":"(anonymous_0)","decl":{"start":{"line":8,"column":38},"end":{"line":8,"column":39}},"loc":{"start":{"line":8,"column":58},"end":{"line":39,"column":1}},"line":8},"1":{"name":"(anonymous_1)","decl":{"start":{"line":42,"column":36},"end":{"line":42,"column":37}},"loc":{"start":{"line":42,"column":56},"end":{"line":74,"column":1}},"line":42}},"branchMap":{"0":{"loc":{"start":{"line":11,"column":2},"end":{"line":15,"column":3}},"type":"if","locations":[{"start":{"line":11,"column":2},"end":{"line":15,"column":3}},{"start":{},"end":{}}],"line":11},"1":{"loc":{"start":{"line":11,"column":6},"end":{"line":11,"column":46}},"type":"binary-expr","locations":[{"start":{"line":11,"column":6},"end":{"line":11,"column":10}},{"start":{"line":11,"column":14},"end":{"line":11,"column":21}},{"start":{"line":11,"column":25},"end":{"line":11,"column":31}},{"start":{"line":11,"column":35},"end":{"line":11,"column":46}}],"line":11},"2":{"loc":{"start":{"line":19,"column":4},"end":{"line":19,"column":80}},"type":"if","locations":[{"start":{"line":19,"column":4},"end":{"line":19,"column":80}},{"start":{},"end":{}}],"line":19},"3":{"loc":{"start":{"line":45,"column":2},"end":{"line":47,"column":3}},"type":"if","locations":[{"start":{"line":45,"column":2},"end":{"line":47,"column":3}},{"start":{},"end":{}}],"line":45},"4":{"loc":{"start":{"line":45,"column":6},"end":{"line":45,"column":27}},"type":"binary-expr","locations":[{"start":{"line":45,"column":6},"end":{"line":45,"column":12}},{"start":{"line":45,"column":16},"end":{"line":45,"column":27}}],"line":45},"5":{"loc":{"start":{"line":51,"column":4},"end":{"line":51,"column":88}},"type":"if","locations":[{"start":{"line":51,"column":4},"end":{"line":51,"column":88}},{"start":{},"end":{}}],"line":51},"6":{"loc":{"start":{"line":54,"column":4},"end":{"line":54,"column":82}},"type":"if","locations":[{"start":{"line":54,"column":4},"end":{"line":54,"column":82}},{"start":{},"end":{}}],"line":54}},"s":{"0":4,"1":4,"2":3,"3":3,"4":1,"5":2,"6":2,"7":2,"8":1,"9":1,"10":1,"11":1,"12":0,"13":0,"14":4,"15":8,"16":8,"17":1,"18":7,"19":7,"20":7,"21":2,"22":5,"23":5,"24":2,"25":3,"26":3,"27":0,"28":0},"f":{"0":3,"1":8},"b":{"0":[1,2],"1":[3,3,2,2],"2":[1,1],"3":[1,7],"4":[8,8],"5":[2,5],"6":[2,3]},"inputSourceMap":null,"_coverageSchema":"1a1c01bbd47fc00a2c39e90264f33305004495a9","hash":"de3bee070adcd19eed00f5ed22d3b885c03536b2"}
,"C:\\Users\\Iman\\Desktop\\cours diplome\\examen final\\site JO\\site-jo\\backend\\src\\middlewares\\authMiddleware.js": {"path":"C:\\Users\\Iman\\Desktop\\cours diplome\\examen final\\site JO\\site-jo\\backend\\src\\middlewares\\authMiddleware.js","statementMap":{"0":{"start":{"line":3,"column":28},"end":{"line":19,"column":1}},"1":{"start":{"line":4,"column":21},"end":{"line":4,"column":49}},"2":{"start":{"line":6,"column":2},"end":{"line":8,"column":3}},"3":{"start":{"line":7,"column":4},"end":{"line":7,"column":80}},"4":{"start":{"line":10,"column":16},"end":{"line":10,"column":40}},"5":{"start":{"line":12,"column":2},"end":{"line":18,"column":3}},"6":{"start":{"line":13,"column":20},"end":{"line":13,"column":61}},"7":{"start":{"line":14,"column":4},"end":{"line":14,"column":23}},"8":{"start":{"line":15,"column":4},"end":{"line":15,"column":11}},"9":{"start":{"line":17,"column":4},"end":{"line":17,"column":72}},"10":{"start":{"line":21,"column":28},"end":{"line":35,"column":1}},"11":{"start":{"line":22,"column":21},"end":{"line":22,"column":46}},"12":{"start":{"line":23,"column":2},"end":{"line":23,"column":76}},"13":{"start":{"line":23,"column":19},"end":{"line":23,"column":76}},"14":{"start":{"line":25,"column":16},"end":{"line":25,"column":40}},"15":{"start":{"line":26,"column":2},"end":{"line":34,"column":3}},"16":{"start":{"line":27,"column":20},"end":{"line":27,"column":61}},"17":{"start":{"line":28,"column":4},"end":{"line":28,"column":91}},"18":{"start":{"line":28,"column":34},"end":{"line":28,"column":91}},"19":{"start":{"line":30,"column":4},"end":{"line":30,"column":24}},"20":{"start":{"line":31,"column":4},"end":{"line":31,"column":11}},"21":{"start":{"line":33,"column":4},"end":{"line":33,"column":61}}},"fnMap":{"0":{"name":"(anonymous_0)","decl":{"start":{"line":3,"column":28},"end":{"line":3,"column":29}},"loc":{"start":{"line":3,"column":48},"end":{"line":19,"column":1}},"line":3},"1":{"name":"(anonymous_1)","decl":{"start":{"line":21,"column":28},"end":{"line":21,"column":29}},"loc":{"start":{"line":21,"column":48},"end":{"line":35,"column":1}},"line":21}},"branchMap":{"0":{"loc":{"start":{"line":6,"column":2},"end":{"line":8,"column":3}},"type":"if","locations":[{"start":{"line":6,"column":2},"end":{"line":8,"column":3}},{"start":{},"end":{}}],"line":6},"1":{"loc":{"start":{"line":23,"column":2},"end":{"line":23,"column":76}},"type":"if","locations":[{"start":{"line":23,"column":2},"end":{"line":23,"column":76}},{"start":{},"end":{}}],"line":23},"2":{"loc":{"start":{"line":28,"column":4},"end":{"line":28,"column":91}},"type":"if","locations":[{"start":{"line":28,"column":4},"end":{"line":28,"column":91}},{"start":{},"end":{}}],"line":28}},"s":{"0":4,"1":4,"2":4,"3":0,"4":4,"5":4,"6":4,"7":4,"8":4,"9":0,"10":4,"11":6,"12":6,"13":1,"14":5,"15":5,"16":5,"17":5,"18":1,"19":4,"20":4,"21":0},"f":{"0":4,"1":6},"b":{"0":[0,4],"1":[1,5],"2":[1,4]},"inputSourceMap":null,"_coverageSchema":"1a1c01bbd47fc00a2c39e90264f33305004495a9","hash":"0019801a9a61c7c57ee0cf4d7fb1ff24669492f4"}
,"C:\\Users\\Iman\\Desktop\\cours diplome\\examen final\\site JO\\site-jo\\backend\\src\\routes\\admin.routes.js": {"path":"C:\\Users\\Iman\\Desktop\\cours diplome\\examen final\\site JO\\site-jo\\backend\\src\\routes\\admin.routes.js","statementMap":{"0":{"start":{"line":10,"column":15},"end":{"line":10,"column":31}},"1":{"start":{"line":13,"column":0},"end":{"line":13,"column":53}},"2":{"start":{"line":16,"column":0},"end":{"line":16,"column":49}},"3":{"start":{"line":17,"column":0},"end":{"line":17,"column":55}},"4":{"start":{"line":18,"column":0},"end":{"line":18,"column":59}}},"fnMap":{},"branchMap":{},"s":{"0":4,"1":4,"2":4,"3":4,"4":4},"f":{},"b":{},"inputSourceMap":null,"_coverageSchema":"1a1c01bbd47fc00a2c39e90264f33305004495a9","hash":"7ed7034d943cff539a33b7907a932de8aebd9e7d"}
,"C:\\Users\\Iman\\Desktop\\cours diplome\\examen final\\site JO\\site-jo\\backend\\src\\routes\\commande.route.js": {"path":"C:\\Users\\Iman\\Desktop\\cours diplome\\examen final\\site JO\\site-jo\\backend\\src\\routes\\commande.route.js","statementMap":{"0":{"start":{"line":5,"column":15},"end":{"line":5,"column":31}},"1":{"start":{"line":10,"column":0},"end":{"line":10,"column":58}}},"fnMap":{},"branchMap":{},"s":{"0":4,"1":4},"f":{},"b":{},"inputSourceMap":null,"_coverageSchema":"1a1c01bbd47fc00a2c39e90264f33305004495a9","hash":"e684b3c337dd3c90e0327d572ac9033c544701ed"}
,"C:\\Users\\Iman\\Desktop\\cours diplome\\examen final\\site JO\\site-jo\\backend\\src\\routes\\connAdmin.route.js": {"path":"C:\\Users\\Iman\\Desktop\\cours diplome\\examen final\\site JO\\site-jo\\backend\\src\\routes\\connAdmin.route.js","statementMap":{"0":{"start":{"line":4,"column":15},"end":{"line":4,"column":31}},"1":{"start":{"line":6,"column":0},"end":{"line":6,"column":42}}},"fnMap":{},"branchMap":{},"s":{"0":4,"1":4},"f":{},"b":{},"inputSourceMap":null,"_coverageSchema":"1a1c01bbd47fc00a2c39e90264f33305004495a9","hash":"54a5e136c4f21c796ca4cde7ca556224793f114a"}
,"C:\\Users\\Iman\\Desktop\\cours diplome\\examen final\\site JO\\site-jo\\backend\\src\\routes\\info.routes.js": {"path":"C:\\Users\\Iman\\Desktop\\cours diplome\\examen final\\site JO\\site-jo\\backend\\src\\routes\\info.routes.js","statementMap":{"0":{"start":{"line":4,"column":15},"end":{"line":4,"column":31}},"1":{"start":{"line":6,"column":0},"end":{"line":6,"column":29}}},"fnMap":{},"branchMap":{},"s":{"0":4,"1":4},"f":{},"b":{},"inputSourceMap":null,"_coverageSchema":"1a1c01bbd47fc00a2c39e90264f33305004495a9","hash":"cf7eabc1870e5968dac5874841533599f9dfa87f"}
,"C:\\Users\\Iman\\Desktop\\cours diplome\\examen final\\site JO\\site-jo\\backend\\src\\routes\\offre.routes.js": {"path":"C:\\Users\\Iman\\Desktop\\cours diplome\\examen final\\site JO\\site-jo\\backend\\src\\routes\\offre.routes.js","statementMap":{"0":{"start":{"line":4,"column":15},"end":{"line":4,"column":31}},"1":{"start":{"line":6,"column":0},"end":{"line":6,"column":27}}},"fnMap":{},"branchMap":{},"s":{"0":4,"1":4},"f":{},"b":{},"inputSourceMap":null,"_coverageSchema":"1a1c01bbd47fc00a2c39e90264f33305004495a9","hash":"fc14d4f00b1e9bc2e3657ac7259a147403233e50"}
,"C:\\Users\\Iman\\Desktop\\cours diplome\\examen final\\site JO\\site-jo\\backend\\src\\routes\\paiement.route.js": {"path":"C:\\Users\\Iman\\Desktop\\cours diplome\\examen final\\site JO\\site-jo\\backend\\src\\routes\\paiement.route.js","statementMap":{"0":{"start":{"line":7,"column":15},"end":{"line":7,"column":31}},"1":{"start":{"line":8,"column":15},"end":{"line":8,"column":33}},"2":{"start":{"line":9,"column":15},"end":{"line":9,"column":56}},"3":{"start":{"line":11,"column":21},"end":{"line":11,"column":45}},"4":{"start":{"line":14,"column":0},"end":{"line":64,"column":3}},"5":{"start":{"line":15,"column":2},"end":{"line":63,"column":3}},"6":{"start":{"line":16,"column":24},"end":{"line":16,"column":32}},"7":{"start":{"line":17,"column":26},"end":{"line":17,"column":37}},"8":{"start":{"line":19,"column":4},"end":{"line":21,"column":5}},"9":{"start":{"line":20,"column":6},"end":{"line":20,"column":65}},"10":{"start":{"line":24,"column":18},"end":{"line":24,"column":75}},"11":{"start":{"line":25,"column":4},"end":{"line":25,"column":76}},"12":{"start":{"line":25,"column":16},"end":{"line":25,"column":76}},"13":{"start":{"line":28,"column":21},"end":{"line":28,"column":58}},"14":{"start":{"line":31,"column":21},"end":{"line":39,"column":6}},"15":{"start":{"line":42,"column":20},"end":{"line":57,"column":6}},"16":{"start":{"line":59,"column":4},"end":{"line":59,"column":35}},"17":{"start":{"line":61,"column":4},"end":{"line":61,"column":44}},"18":{"start":{"line":62,"column":4},"end":{"line":62,"column":78}}},"fnMap":{"0":{"name":"(anonymous_0)","decl":{"start":{"line":14,"column":53},"end":{"line":14,"column":54}},"loc":{"start":{"line":14,"column":73},"end":{"line":64,"column":1}},"line":14}},"branchMap":{"0":{"loc":{"start":{"line":19,"column":4},"end":{"line":21,"column":5}},"type":"if","locations":[{"start":{"line":19,"column":4},"end":{"line":21,"column":5}},{"start":{},"end":{}}],"line":19},"1":{"loc":{"start":{"line":25,"column":4},"end":{"line":25,"column":76}},"type":"if","locations":[{"start":{"line":25,"column":4},"end":{"line":25,"column":76}},{"start":{},"end":{}}],"line":25}},"s":{"0":4,"1":4,"2":4,"3":4,"4":4,"5":2,"6":2,"7":2,"8":2,"9":0,"10":2,"11":2,"12":0,"13":2,"14":2,"15":2,"16":2,"17":0,"18":0},"f":{"0":2},"b":{"0":[0,2],"1":[0,2]},"inputSourceMap":null,"_coverageSchema":"1a1c01bbd47fc00a2c39e90264f33305004495a9","hash":"db7ed57b80b3b4f63b596409e3e1ce0d9a76bd5d"}
,"C:\\Users\\Iman\\Desktop\\cours diplome\\examen final\\site JO\\site-jo\\backend\\src\\routes\\protected.routes.js": {"path":"C:\\Users\\Iman\\Desktop\\cours diplome\\examen final\\site JO\\site-jo\\backend\\src\\routes\\protected.routes.js","statementMap":{"0":{"start":{"line":4,"column":15},"end":{"line":4,"column":31}},"1":{"start":{"line":6,"column":0},"end":{"line":11,"column":3}},"2":{"start":{"line":7,"column":2},"end":{"line":10,"column":5}}},"fnMap":{"0":{"name":"(anonymous_0)","decl":{"start":{"line":6,"column":32},"end":{"line":6,"column":33}},"loc":{"start":{"line":6,"column":46},"end":{"line":11,"column":1}},"line":6}},"branchMap":{},"s":{"0":4,"1":4,"2":0},"f":{"0":0},"b":{},"inputSourceMap":null,"_coverageSchema":"1a1c01bbd47fc00a2c39e90264f33305004495a9","hash":"1cd82769cfb102ff5a0d2f2e7048be30ae681a5a"}
,"C:\\Users\\Iman\\Desktop\\cours diplome\\examen final\\site JO\\site-jo\\backend\\src\\routes\\utilisateur.routes.js": {"path":"C:\\Users\\Iman\\Desktop\\cours diplome\\examen final\\site JO\\site-jo\\backend\\src\\routes\\utilisateur.routes.js","statementMap":{"0":{"start":{"line":4,"column":15},"end":{"line":4,"column":31}},"1":{"start":{"line":6,"column":0},"end":{"line":6,"column":52}},"2":{"start":{"line":7,"column":0},"end":{"line":7,"column":48}}},"fnMap":{},"branchMap":{},"s":{"0":4,"1":4,"2":4},"f":{},"b":{},"inputSourceMap":null,"_coverageSchema":"1a1c01bbd47fc00a2c39e90264f33305004495a9","hash":"b2021668b0ea44fdaeadf51b33c05f5d7956d984"}
,"C:\\Users\\Iman\\Desktop\\cours diplome\\examen final\\site JO\\site-jo\\backend\\src\\utils\\mailer.js": {"path":"C:\\Users\\Iman\\Desktop\\cours diplome\\examen final\\site JO\\site-jo\\backend\\src\\utils\\mailer.js","statementMap":{"0":{"start":{"line":4,"column":0},"end":{"line":4,"column":16}},"1":{"start":{"line":6,"column":20},"end":{"line":12,"column":1}},"2":{"start":{"line":14,"column":34},"end":{"line":26,"column":1}},"3":{"start":{"line":15,"column":2},"end":{"line":25,"column":3}},"4":{"start":{"line":16,"column":17},"end":{"line":21,"column":6}},"5":{"start":{"line":22,"column":4},"end":{"line":22,"column":40}},"6":{"start":{"line":24,"column":4},"end":{"line":24,"column":69}}},"fnMap":{"0":{"name":"(anonymous_0)","decl":{"start":{"line":14,"column":34},"end":{"line":14,"column":35}},"loc":{"start":{"line":14,"column":70},"end":{"line":26,"column":1}},"line":14}},"branchMap":{"0":{"loc":{"start":{"line":24,"column":42},"end":{"line":24,"column":67}},"type":"binary-expr","locations":[{"start":{"line":24,"column":42},"end":{"line":24,"column":60}},{"start":{"line":24,"column":64},"end":{"line":24,"column":67}}],"line":24}},"s":{"0":4,"1":4,"2":4,"3":1,"4":1,"5":1,"6":0},"f":{"0":1},"b":{"0":[0,0]},"inputSourceMap":null,"_coverageSchema":"1a1c01bbd47fc00a2c39e90264f33305004495a9","hash":"35cc6cfac9ca804f798795bded6b6797c2c55c0f"}
,"C:\\Users\\Iman\\Desktop\\cours diplome\\examen final\\site JO\\site-jo\\backend\\src\\utils\\qrcode.js": {"path":"C:\\Users\\Iman\\Desktop\\cours diplome\\examen final\\site JO\\site-jo\\backend\\src\\utils\\qrcode.js","statementMap":{"0":{"start":{"line":3,"column":29},"end":{"line":11,"column":1}},"1":{"start":{"line":4,"column":2},"end":{"line":10,"column":3}},"2":{"start":{"line":5,"column":22},"end":{"line":5,"column":50}},"3":{"start":{"line":6,"column":4},"end":{"line":6,"column":21}},"4":{"start":{"line":8,"column":4},"end":{"line":8,"column":60}},"5":{"start":{"line":9,"column":4},"end":{"line":9,"column":16}}},"fnMap":{"0":{"name":"(anonymous_0)","decl":{"start":{"line":3,"column":29},"end":{"line":3,"column":30}},"loc":{"start":{"line":3,"column":45},"end":{"line":11,"column":1}},"line":3}},"branchMap":{},"s":{"0":4,"1":1,"2":1,"3":1,"4":0,"5":0},"f":{"0":1},"b":{},"inputSourceMap":null,"_coverageSchema":"1a1c01bbd47fc00a2c39e90264f33305004495a9","hash":"e2adc89ce7cc682eb04a41676b337a7fe5f57680"}
}
