TN:
SF:src\server.js
FN:32,(anonymous_0)
FN:55,(anonymous_1)
FN:61,(anonymous_2)
FNF:3
FNH:1
FNDA:0,(anonymous_0)
FNDA:0,(anonymous_1)
FNDA:4,(anonymous_2)
DA:17,4
DA:18,4
DA:20,4
DA:26,4
DA:32,4
DA:33,0
DA:37,4
DA:38,4
DA:39,4
DA:40,4
DA:43,4
DA:44,4
DA:45,4
DA:46,4
DA:47,4
DA:48,4
DA:50,4
DA:51,4
DA:55,4
DA:56,0
DA:60,4
DA:61,4
LF:22
LH:20
BRDA:60,0,0,4
BRDA:60,0,1,0
BRF:2
BRH:1
end_of_record
TN:
SF:src\controllers\admin.controller.js
FN:5,(anonymous_0)
FN:21,(anonymous_1)
FN:32,(anonymous_2)
FN:47,(anonymous_3)
FNF:4
FNH:4
FNDA:1,(anonymous_0)
FNDA:2,(anonymous_1)
FNDA:1,(anonymous_2)
FNDA:1,(anonymous_3)
DA:2,5
DA:5,5
DA:6,1
DA:7,1
DA:8,1
DA:9,1
DA:13,1
DA:15,0
DA:16,0
DA:21,5
DA:22,2
DA:23,2
DA:24,2
DA:25,2
DA:27,0
DA:28,0
DA:32,5
DA:33,1
DA:34,1
DA:35,1
DA:36,1
DA:40,1
DA:42,0
DA:43,0
DA:47,5
DA:48,1
DA:49,1
DA:50,1
DA:51,1
DA:53,0
DA:54,0
LF:31
LH:23
BRF:0
BRH:0
end_of_record
TN:
SF:src\controllers\commande.controller.js
FN:8,(anonymous_0)
FNF:1
FNH:1
FNDA:2,(anonymous_0)
DA:6,4
DA:8,4
DA:9,2
DA:11,2
DA:13,2
DA:18,2
DA:21,1
DA:23,1
DA:24,0
DA:25,0
DA:37,1
DA:42,1
DA:45,1
DA:46,1
DA:47,0
DA:53,1
DA:59,1
DA:67,1
DA:69,1
DA:81,0
DA:82,0
LF:21
LH:16
BRDA:18,0,0,1
BRDA:18,0,1,1
BRDA:23,1,0,0
BRDA:23,1,1,1
BRDA:27,2,0,0
BRDA:27,2,1,0
BRDA:46,3,0,0
BRDA:46,3,1,1
BRF:8
BRH:4
end_of_record
TN:
SF:src\controllers\connAdmin.controller.js
FN:7,(anonymous_0)
FNF:1
FNH:1
FNDA:2,(anonymous_0)
DA:5,4
DA:7,4
DA:8,2
DA:10,2
DA:11,2
DA:12,2
DA:13,0
DA:16,2
DA:17,2
DA:18,0
DA:21,2
DA:27,2
DA:36,0
DA:37,0
LF:14
LH:10
BRDA:12,0,0,0
BRDA:12,0,1,2
BRDA:17,1,0,0
BRDA:17,1,1,2
BRF:4
BRH:2
end_of_record
TN:
SF:src\controllers\info.controller.js
FN:1,(anonymous_0)
FNF:1
FNH:0
FNDA:0,(anonymous_0)
DA:1,4
DA:2,0
LF:2
LH:1
BRF:0
BRH:0
end_of_record
TN:
SF:src\controllers\offre.controller.js
FN:4,(anonymous_0)
FNF:1
FNH:1
FNDA:2,(anonymous_0)
DA:2,4
DA:4,4
DA:5,2
DA:6,2
DA:7,2
DA:9,0
LF:6
LH:5
BRF:0
BRH:0
end_of_record
TN:
SF:src\controllers\utilisateur.controller.js
FN:8,(anonymous_0)
FN:42,(anonymous_1)
FNF:2
FNH:2
FNDA:3,(anonymous_0)
FNDA:8,(anonymous_1)
DA:5,4
DA:8,4
DA:9,3
DA:11,3
DA:12,1
DA:17,2
DA:18,2
DA:19,2
DA:21,1
DA:22,1
DA:26,1
DA:36,0
DA:37,0
DA:42,4
DA:43,8
DA:45,8
DA:46,1
DA:49,7
DA:50,7
DA:51,7
DA:53,5
DA:54,5
DA:56,3
DA:67,3
DA:71,0
DA:72,0
LF:26
LH:22
BRDA:11,0,0,1
BRDA:11,0,1,2
BRDA:11,1,0,3
BRDA:11,1,1,3
BRDA:11,1,2,2
BRDA:11,1,3,2
BRDA:19,2,0,1
BRDA:19,2,1,1
BRDA:45,3,0,1
BRDA:45,3,1,7
BRDA:45,4,0,8
BRDA:45,4,1,8
BRDA:51,5,0,2
BRDA:51,5,1,5
BRDA:54,6,0,2
BRDA:54,6,1,3
BRF:16
BRH:16
end_of_record
TN:
SF:src\middlewares\authMiddleware.js
FN:3,(anonymous_0)
FN:21,(anonymous_1)
FNF:2
FNH:2
FNDA:4,(anonymous_0)
FNDA:6,(anonymous_1)
DA:3,4
DA:4,4
DA:6,4
DA:7,0
DA:10,4
DA:12,4
DA:13,4
DA:14,4
DA:15,4
DA:17,0
DA:21,4
DA:22,6
DA:23,6
DA:25,5
DA:26,5
DA:27,5
DA:28,5
DA:30,4
DA:31,4
DA:33,0
LF:20
LH:17
BRDA:6,0,0,0
BRDA:6,0,1,4
BRDA:23,1,0,1
BRDA:23,1,1,5
BRDA:28,2,0,1
BRDA:28,2,1,4
BRF:6
BRH:5
end_of_record
TN:
SF:src\routes\admin.routes.js
FNF:0
FNH:0
DA:10,4
DA:13,4
DA:16,4
DA:17,4
DA:18,4
LF:5
LH:5
BRF:0
BRH:0
end_of_record
TN:
SF:src\routes\commande.route.js
FNF:0
FNH:0
DA:5,4
DA:10,4
LF:2
LH:2
BRF:0
BRH:0
end_of_record
TN:
SF:src\routes\connAdmin.route.js
FNF:0
FNH:0
DA:4,4
DA:6,4
LF:2
LH:2
BRF:0
BRH:0
end_of_record
TN:
SF:src\routes\info.routes.js
FNF:0
FNH:0
DA:4,4
DA:6,4
LF:2
LH:2
BRF:0
BRH:0
end_of_record
TN:
SF:src\routes\offre.routes.js
FNF:0
FNH:0
DA:4,4
DA:6,4
LF:2
LH:2
BRF:0
BRH:0
end_of_record
TN:
SF:src\routes\paiement.route.js
FN:14,(anonymous_0)
FNF:1
FNH:1
FNDA:2,(anonymous_0)
DA:7,4
DA:8,4
DA:9,4
DA:11,4
DA:14,4
DA:15,2
DA:16,2
DA:17,2
DA:19,2
DA:20,0
DA:24,2
DA:25,2
DA:28,2
DA:31,2
DA:42,2
DA:59,2
DA:61,0
DA:62,0
LF:18
LH:15
BRDA:19,0,0,0
BRDA:19,0,1,2
BRDA:25,1,0,0
BRDA:25,1,1,2
BRF:4
BRH:2
end_of_record
TN:
SF:src\routes\protected.routes.js
FN:6,(anonymous_0)
FNF:1
FNH:0
FNDA:0,(anonymous_0)
DA:4,4
DA:6,4
DA:7,0
LF:3
LH:2
BRF:0
BRH:0
end_of_record
TN:
SF:src\routes\utilisateur.routes.js
FNF:0
FNH:0
DA:4,4
DA:6,4
DA:7,4
LF:3
LH:3
BRF:0
BRH:0
end_of_record
TN:
SF:src\utils\mailer.js
FN:14,(anonymous_0)
FNF:1
FNH:1
FNDA:1,(anonymous_0)
DA:4,4
DA:6,4
DA:14,4
DA:15,1
DA:16,1
DA:22,1
DA:24,0
LF:7
LH:6
BRDA:24,0,0,0
BRDA:24,0,1,0
BRF:2
BRH:0
end_of_record
TN:
SF:src\utils\qrcode.js
FN:3,(anonymous_0)
FNF:1
FNH:1
FNDA:1,(anonymous_0)
DA:3,4
DA:4,1
DA:5,1
DA:6,1
DA:8,0
DA:9,0
LF:6
LH:4
BRF:0
BRH:0
end_of_record
